[1109/195649:ERROR:crash_report_database_win.cc(562)] CreateDirectory C:\Program Files (x86)\Nolarry\Reports\Dump: El sistema no puede encontrar la ruta especificada. (0x3)
[1109/195649:ERROR:registration_protocol_win.cc(82)] TransactNamedPipe: Ha terminado la canalización. (0x6D)
[1109/195649:ERROR:crash_report_database_win.cc(562)] CreateDirectory C:\Program Files (x86)\Nolarry\Reports\Dump: El sistema no puede encontrar la ruta especificada. (0x3)
[1109/212541:ERROR:crash_report_database_win.cc(562)] CreateDirectory C:\Program Files (x86)\Nolarry\Reports\Dump: El sistema no puede encontrar la ruta especificada. (0x3)
[1109/212541:ERROR:registration_protocol_win.cc(82)] TransactNamedPipe: Ha terminado la canalización. (0x6D)
[1109/212541:ERROR:crash_report_database_win.cc(562)] CreateDirectory C:\Program Files (x86)\Nolarry\Reports\Dump: El sistema no puede encontrar la ruta especificada. (0x3)
[1109/215328:ERROR:crash_report_database_win.cc(562)] CreateDirectory C:\Program Files (x86)\Nolarry\Reports\Dump: El sistema no puede encontrar la ruta especificada. (0x3)
[1109/215328:ERROR:registration_protocol_win.cc(82)] TransactNamedPipe: Ha terminado la canalización. (0x6D)
[1109/215328:ERROR:crash_report_database_win.cc(562)] CreateDirectory C:\Program Files (x86)\Nolarry\Reports\Dump: El sistema no puede encontrar la ruta especificada. (0x3)
[1110/191619:ERROR:crash_report_database_win.cc(562)] CreateDirectory C:\Program Files (x86)\Cuppat\Reports\Dump: El sistema no puede encontrar la ruta especificada. (0x3)
[1110/191619:ERROR:registration_protocol_win.cc(82)] TransactNamedPipe: Ha terminado la canalización. (0x6D)
[1110/191619:ERROR:crash_report_database_win.cc(562)] CreateDirectory C:\Program Files (x86)\Cuppat\Reports\Dump: El sistema no puede encontrar la ruta especificada. (0x3)
[1110/195540:ERROR:crash_report_database_win.cc(562)] CreateDirectory C:\Program Files (x86)\Cuppat\Reports\Dump: El sistema no puede encontrar la ruta especificada. (0x3)
[1110/195540:ERROR:registration_protocol_win.cc(82)] TransactNamedPipe: Ha terminado la canalización. (0x6D)
[1110/195540:ERROR:crash_report_database_win.cc(562)] CreateDirectory C:\Program Files (x86)\Cuppat\Reports\Dump: El sistema no puede encontrar la ruta especificada. (0x3)
[1110/201042:ERROR:crash_report_database_win.cc(562)] CreateDirectory C:\Program Files (x86)\Cuppat\Reports\Dump: El sistema no puede encontrar la ruta especificada. (0x3)
[1110/201042:ERROR:registration_protocol_win.cc(82)] TransactNamedPipe: Ha terminado la canalización. (0x6D)
[1110/201042:ERROR:crash_report_database_win.cc(562)] CreateDirectory C:\Program Files (x86)\Cuppat\Reports\Dump: El sistema no puede encontrar la ruta especificada. (0x3)
[1111/005356:ERROR:crash_report_database_win.cc(562)] CreateDirectory C:\Program Files (x86)\Cuppat\Reports\Dump: El sistema no puede encontrar la ruta especificada. (0x3)
[1111/005356:ERROR:registration_protocol_win.cc(82)] TransactNamedPipe: Ha terminado la canalización. (0x6D)
[1111/005356:ERROR:crash_report_database_win.cc(562)] CreateDirectory C:\Program Files (x86)\Cuppat\Reports\Dump: El sistema no puede encontrar la ruta especificada. (0x3)
[1111/214758:ERROR:crash_report_database_win.cc(562)] CreateDirectory C:\Program Files (x86)\Cuppat\Reports\Dump: El sistema no puede encontrar la ruta especificada. (0x3)
[1111/214758:ERROR:registration_protocol_win.cc(82)] TransactNamedPipe: Ha terminado la canalización. (0x6D)
[1111/214758:ERROR:crash_report_database_win.cc(562)] CreateDirectory C:\Program Files (x86)\Cuppat\Reports\Dump: El sistema no puede encontrar la ruta especificada. (0x3)
[1112/033439:ERROR:crash_report_database_win.cc(562)] CreateDirectory C:\Program Files (x86)\Cuppat\Reports\Dump: El sistema no puede encontrar la ruta especificada. (0x3)
[1112/033439:ERROR:registration_protocol_win.cc(82)] TransactNamedPipe: Ha terminado la canalización. (0x6D)
[1112/033439:ERROR:crash_report_database_win.cc(562)] CreateDirectory C:\Program Files (x86)\Cuppat\Reports\Dump: El sistema no puede encontrar la ruta especificada. (0x3)
[1112/151350:ERROR:crash_report_database_win.cc(562)] CreateDirectory C:\Program Files (x86)\Cuppat\Reports\Dump: El sistema no puede encontrar la ruta especificada. (0x3)
[1112/151350:ERROR:registration_protocol_win.cc(82)] TransactNamedPipe: Ha terminado la canalización. (0x6D)
[1112/151350:ERROR:crash_report_database_win.cc(562)] CreateDirectory C:\Program Files (x86)\Cuppat\Reports\Dump: El sistema no puede encontrar la ruta especificada. (0x3)
[1112/163636:ERROR:crash_report_database_win.cc(562)] CreateDirectory C:\Program Files (x86)\Cuppat\Reports\Dump: El sistema no puede encontrar la ruta especificada. (0x3)
[1112/163636:ERROR:registration_protocol_win.cc(82)] TransactNamedPipe: Ha terminado la canalización. (0x6D)
[1112/163636:ERROR:crash_report_database_win.cc(562)] CreateDirectory C:\Program Files (x86)\Cuppat\Reports\Dump: El sistema no puede encontrar la ruta especificada. (0x3)
[1112/173720:ERROR:crash_report_database_win.cc(562)] CreateDirectory C:\Program Files (x86)\Cuppat\Reports\Dump: El sistema no puede encontrar la ruta especificada. (0x3)
[1112/173720:ERROR:registration_protocol_win.cc(82)] TransactNamedPipe: Ha terminado la canalización. (0x6D)
[1112/173720:ERROR:crash_report_database_win.cc(562)] CreateDirectory C:\Program Files (x86)\Cuppat\Reports\Dump: El sistema no puede encontrar la ruta especificada. (0x3)
[1113/161024:ERROR:crash_report_database_win.cc(562)] CreateDirectory C:\Program Files (x86)\Cuppat\Reports\Dump: El sistema no puede encontrar la ruta especificada. (0x3)
[1113/161025:ERROR:registration_protocol_win.cc(82)] TransactNamedPipe: Ha terminado la canalización. (0x6D)
[1113/161025:ERROR:crash_report_database_win.cc(562)] CreateDirectory C:\Program Files (x86)\Cuppat\Reports\Dump: El sistema no puede encontrar la ruta especificada. (0x3)
[1113/162027:ERROR:crash_report_database_win.cc(562)] CreateDirectory C:\Program Files (x86)\Cuppat\Reports\Dump: El sistema no puede encontrar la ruta especificada. (0x3)
[1113/162027:ERROR:registration_protocol_win.cc(82)] TransactNamedPipe: Ha terminado la canalización. (0x6D)
[1113/162027:ERROR:crash_report_database_win.cc(562)] CreateDirectory C:\Program Files (x86)\Cuppat\Reports\Dump: El sistema no puede encontrar la ruta especificada. (0x3)
[1203/235312:ERROR:file_io_win.cc(163)] CreateFile C:\Program Files (x86)\Junemike\Reports\Dump\settings.dat: Acceso denegado. (0x5)
[1203/235312:ERROR:registration_protocol_win.cc(82)] TransactNamedPipe: Ha terminado la canalización. (0x6D)
[1203/235312:ERROR:file_io_win.cc(163)] CreateFile C:\Program Files (x86)\Junemike\Reports\Dump\settings.dat: Acceso denegado. (0x5)
[1210/002007:ERROR:file_io_win.cc(163)] CreateFile C:\Program Files (x86)\Junemike\Reports\Dump\settings.dat: Acceso denegado. (0x5)
[1210/002007:ERROR:registration_protocol_win.cc(82)] TransactNamedPipe: Ha terminado la canalización. (0x6D)
[1210/002007:ERROR:file_io_win.cc(163)] CreateFile C:\Program Files (x86)\Junemike\Reports\Dump\settings.dat: Acceso denegado. (0x5)
[1212/213226:ERROR:file_io_win.cc(163)] CreateFile C:\Program Files (x86)\Junemike\Reports\Dump\settings.dat: Acceso denegado. (0x5)
[1212/213226:ERROR:registration_protocol_win.cc(82)] TransactNamedPipe: Ha terminado la canalización. (0x6D)
[1212/213226:ERROR:file_io_win.cc(163)] CreateFile C:\Program Files (x86)\Junemike\Reports\Dump\settings.dat: Acceso denegado. (0x5)
[1212/213840:ERROR:file_io_win.cc(163)] CreateFile C:\Program Files (x86)\Junemike\Reports\Dump\settings.dat: Acceso denegado. (0x5)
[1212/213840:ERROR:registration_protocol_win.cc(82)] TransactNamedPipe: Ha terminado la canalización. (0x6D)
[1212/213840:ERROR:file_io_win.cc(163)] CreateFile C:\Program Files (x86)\Junemike\Reports\Dump\settings.dat: Acceso denegado. (0x5)
[1228/010341:ERROR:crash_report_database_win.cc(563)] CreateDirectory C:\Program Files (x86)\Junemike\Reports\Dump: El sistema no puede encontrar la ruta especificada. (0x3)
[1228/010341:ERROR:registration_protocol_win.cc(82)] TransactNamedPipe: Ha terminado la canalización. (0x6D)
[1228/010341:ERROR:crash_report_database_win.cc(563)] CreateDirectory C:\Program Files (x86)\Junemike\Reports\Dump: El sistema no puede encontrar la ruta especificada. (0x3)
[0109/232257:ERROR:crash_report_database_win.cc(563)] CreateDirectory C:\Program Files (x86)\Junemike\Reports\Dump: El sistema no puede encontrar la ruta especificada. (0x3)
[0109/232257:ERROR:registration_protocol_win.cc(82)] TransactNamedPipe: Ha terminado la canalización. (0x6D)
[0109/232257:ERROR:crash_report_database_win.cc(563)] CreateDirectory C:\Program Files (x86)\Junemike\Reports\Dump: El sistema no puede encontrar la ruta especificada. (0x3)
